
> @playform/document@0.0.6 prepublishOnly D:\Developer\Application\Playform\NPM\Document
> Build 'Source/**/*.ts'


  Target\Function\Document.js  1.1kb
  Target\Class\Document.js     257b 
  Target\Function\Exec.js      227b 
  Target\Variable\Load.js      162b 
  Target\Function\JSON.js      140b 
  ...and 7 more output files...

⚡ Done in 118ms

  Target/Function/Document.js ──── 1.1kb ─ 100.0%
   └ Source/Function/Document.ts ─ 1.0kb ── 93.9%

  Target/Class/Document.js ─────── 257b ── 100.0%
   └ Source/Class/Document.ts ──── 215b ─── 83.7%

  Target/Function/Exec.js ──────── 227b ── 100.0%
   └ Source/Function/Exec.ts ───── 205b ─── 90.3%

  Target/Variable/Load.js ──────── 162b ── 100.0%
   └ Source/Variable/Load.ts ───── 119b ─── 73.5%

  Target/Function/JSON.js ──────── 140b ── 100.0%
   └ Source/Function/JSON.ts ───── 118b ─── 84.3%

  Target/Class/Theme.js ─────────── 80b ── 100.0%
   └ Source/Class/Theme.ts ──────── 58b ─── 72.5%

  Target/Interface/Document.js ───── 0b ── 100.0%

  Target/Interface/Exec.js ───────── 0b ── 100.0%

  Target/Interface/JSON.js ───────── 0b ── 100.0%

  Target/Interface/Load.js ───────── 0b ── 100.0%

  Target/Interface/Mapping.js ────── 0b ── 100.0%

  Target/Interface/Theme.js ──────── 0b ── 100.0%

